<?xml version="1.0" encoding="UTF-8"?>
<!-- Generated by org.testng.reporters.JUnitReportReporter -->
<testsuite name="com.tester.cases.GetUserInfoTest" tests="1" time="0.061" ignored="0" failures="0" timestamp="30 五月 2021 10:26:52 GMT" skipped="0" hostname="localhost" errors="0">
  <testcase name="getUserInfo" time="0.061" classname="com.tester.cases.GetUserInfoTest"/>
</testsuite> <!-- com.tester.cases.GetUserInfoTest -->
