<?xml version="1.0" encoding="UTF-8"?>
<!-- Generated by org.testng.reporters.JUnitReportReporter -->
<testsuite name="com.tester.cases.AddUserTest" tests="1" time="0.070" ignored="0" failures="0" timestamp="30 五月 2021 10:26:52 GMT" skipped="0" hostname="localhost" errors="0">
  <testcase name="addUser" time="0.070" classname="com.tester.cases.AddUserTest"/>
</testsuite> <!-- com.tester.cases.AddUserTest -->
