<?xml version="1.0" encoding="UTF-8"?>
<!-- Generated by org.testng.reporters.JUnitReportReporter -->
<testsuite name="com.tester.cases.LoginTest" tests="2" time="0.954" ignored="0" failures="0" timestamp="30 五月 2021 10:26:52 GMT" skipped="0" hostname="localhost" errors="0">
  <testcase name="loginFalse" time="0.043" classname="com.tester.cases.LoginTest"/>
  <testcase name="loginTrue" time="0.911" classname="com.tester.cases.LoginTest"/>
</testsuite> <!-- com.tester.cases.LoginTest -->
