<?xml version="1.0" encoding="UTF-8"?>
<!-- Generated by org.testng.reporters.JUnitReportReporter -->
<testsuite name="com.tester.cases.GetUserInfoListTest" tests="1" time="0.030" ignored="0" failures="0" timestamp="30 五月 2021 10:26:52 GMT" skipped="0" hostname="localhost" errors="0">
  <testcase name="getUserListInfo" time="0.030" classname="com.tester.cases.GetUserInfoListTest"/>
</testsuite> <!-- com.tester.cases.GetUserInfoListTest -->
