<?xml version="1.0" encoding="UTF-8"?>
<!-- Generated by org.testng.reporters.JUnitReportReporter -->
<testsuite name="com.tester.cases.UpdateUserInfoTest" tests="2" time="0.188" ignored="0" failures="0" timestamp="30 五月 2021 10:26:52 GMT" skipped="0" hostname="localhost" errors="0">
  <testcase name="deleteUser" time="0.070" classname="com.tester.cases.UpdateUserInfoTest"/>
  <testcase name="updateUserInfo" time="0.118" classname="com.tester.cases.UpdateUserInfoTest"/>
</testsuite> <!-- com.tester.cases.UpdateUserInfoTest -->
